<?xml version="1.0" encoding="UTF-8"?>
<!-- Generated by org.testng.reporters.JUnitReportReporter -->
<testsuite skipped="0" hostname="DESKTOP-3CKC22A" name="TestNgExamples.Testing" tests="1" failures="0" timestamp="2022-09-26T20:01:35 BST" time="0.008" errors="0">
  <testcase name="EnterUrl" time="0.008" classname="TestNgExamples.Testing"/>
  <system-out/>
</testsuite> <!-- TestNgExamples.Testing -->
